[13-Nov-2025 09:48:17 Asia/Colombo] [Unhandled Exception] Undefined constant "_DIR_"
[13-Nov-2025 09:48:17 Asia/Colombo] [system_alert] Unhandled Exception: Undefined constant "_DIR_"
[13-Nov-2025 10:06:33 Asia/Colombo] PHP Fatal error:  Cannot redeclare pick_owner() (previously declared in C:\xampp\htdocs\rentallanka\sample_data_insert_for_testing\insert_property.php:4) in C:\xampp\htdocs\rentallanka\sample_data_insert_for_testing\insert_rooms.php on line 12
[13-Nov-2025 10:06:33 Asia/Colombo] [2025-11-13 10:06:33] Fatal Error: Cannot redeclare pick_owner() (previously declared in C:\xampp\htdocs\rentallanka\sample_data_insert_for_testing\insert_property.php:4) in C:\xampp\htdocs\rentallanka\sample_data_insert_for_testing\insert_rooms.php:12

[13-Nov-2025 10:06:33 Asia/Colombo] [system_alert] Fatal Error: Cannot redeclare pick_owner() (previously declared in C:\xampp\htdocs\rentallanka\sample_data_insert_for_testing\insert_property.php:4) in C:\xampp\htdocs\rentallanka\sample_data_insert_for_testing\insert_rooms.php:12
[13-Nov-2025 10:06:44 Asia/Colombo] PHP Fatal error:  Cannot redeclare pick_owner() (previously declared in C:\xampp\htdocs\rentallanka\sample_data_insert_for_testing\insert_property.php:4) in C:\xampp\htdocs\rentallanka\sample_data_insert_for_testing\insert_rooms.php on line 12
[13-Nov-2025 10:06:44 Asia/Colombo] [2025-11-13 10:06:44] Fatal Error: Cannot redeclare pick_owner() (previously declared in C:\xampp\htdocs\rentallanka\sample_data_insert_for_testing\insert_property.php:4) in C:\xampp\htdocs\rentallanka\sample_data_insert_for_testing\insert_rooms.php:12

[13-Nov-2025 10:06:44 Asia/Colombo] [system_alert] Fatal Error: Cannot redeclare pick_owner() (previously declared in C:\xampp\htdocs\rentallanka\sample_data_insert_for_testing\insert_property.php:4) in C:\xampp\htdocs\rentallanka\sample_data_insert_for_testing\insert_rooms.php:12
[13-Nov-2025 10:08:22 Asia/Colombo] PHP Fatal error:  Cannot redeclare pick_owner() (previously declared in C:\xampp\htdocs\rentallanka\sample_data_insert_for_testing\insert_property.php:4) in C:\xampp\htdocs\rentallanka\sample_data_insert_for_testing\insert_rooms.php on line 12
[13-Nov-2025 10:08:22 Asia/Colombo] [2025-11-13 10:08:22] Fatal Error: Cannot redeclare pick_owner() (previously declared in C:\xampp\htdocs\rentallanka\sample_data_insert_for_testing\insert_property.php:4) in C:\xampp\htdocs\rentallanka\sample_data_insert_for_testing\insert_rooms.php:12

[13-Nov-2025 10:08:22 Asia/Colombo] [system_alert] Fatal Error: Cannot redeclare pick_owner() (previously declared in C:\xampp\htdocs\rentallanka\sample_data_insert_for_testing\insert_property.php:4) in C:\xampp\htdocs\rentallanka\sample_data_insert_for_testing\insert_rooms.php:12
[13-Nov-2025 11:48:00 Asia/Colombo] [rent_property] unauthenticated isAjax uid=0 pid=94
[13-Nov-2025 11:48:07 Asia/Colombo] [rent_property] unauthenticated isAjax uid=0 pid=94
[13-Nov-2025 11:49:15 Asia/Colombo] [rent_property] unauthenticated isAjax uid=0 pid=92
[13-Nov-2025 11:50:47 Asia/Colombo] [rent_property] unauthenticated isAjax uid=0 pid=92
[13-Nov-2025 11:51:26 Asia/Colombo] [rent_property] unauthenticated isAjax uid=0 pid=92
[13-Nov-2025 11:53:40 Asia/Colombo] [rent_property] unauthenticated isAjax uid=0 pid=95
[13-Nov-2025 11:55:09 Asia/Colombo] [rent_property] unauthenticated isAjax uid=0 pid=94
[13-Nov-2025 11:55:22 Asia/Colombo] [rent_property] unauthenticated isAjax uid=0 pid=89
[13-Nov-2025 11:55:27 Asia/Colombo] [rent_property] unauthenticated isAjax uid=0 pid=95
[13-Nov-2025 11:55:34 Asia/Colombo] [rent_property] unauthenticated isAjax uid=0 pid=95
[13-Nov-2025 12:04:04 Asia/Colombo] [rent_property] unauthenticated isAjax uid=0 pid=95
[13-Nov-2025 12:08:19 Asia/Colombo] [rent_property] unauthenticated isAjax uid=0 pid=95
[13-Nov-2025 12:12:02 Asia/Colombo] [rent_property] unauthenticated isAjax uid=0 pid=95
[13-Nov-2025 12:13:14 Asia/Colombo] [rent_property] unauthenticated isAjax uid=0 pid=95
